\BOOKMARK [1][-]{section.1}{\376\377\116\012\121\214}{}% 1
\BOOKMARK [2][-]{subsubsection.1.0.1}{\376\377\176\247\145\160\140\047\215\050}{section.1}% 2
\BOOKMARK [3][-]{subsubsection.1.0.2}{\376\377\225\364\145\255\160\271}{subsubsection.1.0.1}% 3
\BOOKMARK [2][-]{subsection.1.1}{\376\377\162\171\153\212\232\330\226\066\133\374\145\160}{section.1}% 4
\BOOKMARK [2][-]{subsection.1.2}{\376\377\116\214\226\066\116\011\226\066\210\114\122\027\137\017}{section.1}% 5
\BOOKMARK [1][-]{section.2}{\376\377\116\013\121\214}{}% 6
\BOOKMARK [2][-]{subsection.2.1}{\376\377\232\330\226\066\120\117\133\374\145\160}{section.2}% 7
\BOOKMARK [2][-]{subsection.2.2}{\376\377\121\375\145\160\123\357\137\256\122\006\147\141\116\366}{section.2}% 8
\BOOKMARK [2][-]{subsection.2.3}{\376\377\131\032\121\103\121\375\145\160\154\102\133\374\154\325\122\031}{section.2}% 9
\BOOKMARK [3][-]{subsubsection.2.3.1}{\376\377\121\150\133\374\145\160}{subsection.2.3}% 10
\BOOKMARK [2][-]{subsection.2.4}{\376\377\131\032\121\103\131\015\124\010\121\375\145\160\154\102\133\374\154\325\122\031}{section.2}% 11
\BOOKMARK [3][-]{subsubsection.2.4.1}{\376\377\226\220\121\375\145\160\154\102\133\374}{subsection.2.4}% 12
\BOOKMARK [2][-]{subsection.2.5}{\376\377\137\256\122\006\154\325\121\340\117\125\136\224\165\050}{section.2}% 13
\BOOKMARK [2][-]{subsection.2.6}{\376\377\145\271\124\021\133\374\145\160\116\016\150\257\136\246}{section.2}% 14
\BOOKMARK [3][-]{subsubsection.2.6.1}{\376\377\150\257\136\246}{subsection.2.6}% 15
\BOOKMARK [3][-]{subsubsection.2.6.2}{\376\377\173\111\232\330\176\277}{subsection.2.6}% 16
\BOOKMARK [2][-]{subsection.2.7}{\376\377\131\032\121\103\121\375\145\160\147\201\120\074}{section.2}% 17
\BOOKMARK [3][-]{subsubsection.2.7.1}{\376\377\131\032\121\103\121\375\145\160\147\000\120\074}{subsection.2.7}% 18
\BOOKMARK [2][-]{subsection.2.8}{\376\377\137\000\123\072\127\337\000D\121\375\145\160\147\000\120\074}{section.2}% 19
\BOOKMARK [3][-]{subsubsection.2.8.1}{\376\377\147\141\116\366\147\201\120\074\000\046\142\311\150\074\147\027\145\345\116\130\145\160\154\325}{subsection.2.8}% 20
\BOOKMARK [2][-]{subsection.2.9}{\376\377\116\214\221\315\171\357\122\006}{section.2}% 21
\BOOKMARK [2][-]{subsection.2.10}{\376\377\116\214\221\315\171\357\122\006\213\241\173\227}{section.2}% 22
\BOOKMARK [3][-]{subsubsection.2.10.1}{\376\377\116\214\221\315\171\357\122\006\123\026\116\214\153\041\171\357\122\006\154\350\141\017}{subsection.2.10}% 23
\BOOKMARK [3][-]{subsubsection.2.10.2}{\376\377\122\051\165\050\147\201\127\120\150\007\213\241\173\227\116\214\221\315\171\357\122\006}{subsection.2.10}% 24
\BOOKMARK [2][-]{subsection.2.11}{\376\377\116\011\221\315\171\357\122\006}{section.2}% 25
\BOOKMARK [3][-]{subsubsection.2.11.1}{\376\377\147\361\227\142\127\120\150\007\164\003\227\142\127\120\150\007\173\227\116\011\221\315\171\357\122\006}{subsection.2.11}% 26
\BOOKMARK [2][-]{subsection.2.12}{\376\377\133\371\137\047\225\177\171\357\122\006}{section.2}% 27
\BOOKMARK [3][-]{subsubsection.2.12.1}{\376\377\137\047\225\177\146\362\176\277\213\241\173\227\154\325}{subsection.2.12}% 28
\BOOKMARK [3][-]{subsubsection.2.12.2}{\376\377\133\371\127\120\150\007\166\204\146\362\176\277\171\357\122\006}{subsection.2.12}% 29
\BOOKMARK [3][-]{subsubsection.2.12.3}{\376\377\116\044\174\173\146\362\176\277\171\357\122\006\121\163\174\373}{subsection.2.12}% 30
\BOOKMARK [2][-]{subsection.2.13}{\376\377\150\074\147\227\121\154\137\017}{section.2}% 31
\BOOKMARK [3][-]{subsubsection.2.13.1}{\376\377\136\163\227\142\146\362\176\277\171\357\122\006\116\016\215\357\137\204\145\340\121\163\166\204\133\232\116\111}{subsection.2.13}% 32
\BOOKMARK [3][-]{subsubsection.2.13.2}{\376\377\133\371\227\142\171\357\146\362\227\142\171\357\122\006}{subsection.2.13}% 33
\BOOKMARK [2][-]{subsection.2.14}{\376\377\232\330\145\257\121\154\137\017}{section.2}% 34
\BOOKMARK [3][-]{subsubsection.2.14.1}{\376\377\154\277\116\373\141\017\225\355\146\362\227\142\166\204\146\362\227\142\171\357\122\006\116\072\0000\166\204\147\141\116\366}{subsection.2.14}% 35
\BOOKMARK [3][-]{subsubsection.2.14.2}{\376\377\220\032\221\317\116\016\145\143\136\246\000\040\232\330\145\257\121\154\137\017\162\151\164\006\141\017\116\111}{subsection.2.14}% 36
\BOOKMARK [2][-]{subsection.2.15}{\376\377\145\257\142\130\121\113\121\154\137\017}{section.2}% 37
\BOOKMARK [3][-]{subsubsection.2.15.1}{\376\377\172\172\225\364\146\362\176\277\171\357\122\006\116\016\215\357\137\204\145\340\121\163\166\204\147\141\116\366}{subsection.2.15}% 38
\BOOKMARK [3][-]{subsubsection.2.15.2}{\376\377\163\257\155\101\221\317\116\016\145\313\136\246}{subsection.2.15}% 39
\BOOKMARK [3][-]{subsubsection.2.15.3}{\376\377\124\021\221\317\137\256\122\006\173\227\133\120}{subsection.2.15}% 40
\BOOKMARK [2][-]{subsection.2.16}{\376\377\137\256\122\006\145\271\172\013}{section.2}% 41
\BOOKMARK [3][-]{subsubsection.2.16.1}{\376\377\237\120\153\041\145\271\172\013}{subsection.2.16}% 42
\BOOKMARK [3][-]{subsubsection.2.16.2}{\376\377\116\000\226\066\176\277\140\047\227\136\237\120\153\041\145\271\172\013}{subsection.2.16}% 43
\BOOKMARK [3][-]{subsubsection.2.16.3}{\376\377\215\035\122\252\122\051\145\271\172\013}{subsection.2.16}% 44
\BOOKMARK [3][-]{subsubsection.2.16.4}{\376\377\121\150\137\256\122\006\145\271\172\013}{subsection.2.16}% 45
\BOOKMARK [3][-]{subsubsection.2.16.5}{\376\377\123\357\226\115\226\066\232\330\226\066\137\256\122\006\145\271\172\013}{subsection.2.16}% 46
\BOOKMARK [3][-]{subsubsection.2.16.6}{\376\377\232\330\226\066\176\277\140\047\137\256\122\006\145\271\172\013}{subsection.2.16}% 47
\BOOKMARK [2][-]{subsection.2.17}{\376\377\116\214\226\066\136\070\174\373\145\160\237\120\153\041\176\277\140\047\137\256\122\006\145\271\172\013}{section.2}% 48
\BOOKMARK [3][-]{subsubsection.2.17.1}{\376\377\000n\226\066\136\070\174\373\145\160\237\120\153\041\176\277\140\047\137\256\122\006\145\271\172\013}{subsection.2.17}% 49
